
  ___  ____  ____  ____  ____ (R)
 /__    /   ____/   /   ____/
___/   /   /___/   /   /___/   16.0   Copyright 1985-2019 StataCorp LLC
  Statistics/Data Analysis            StataCorp
                                      4905 Lakeway Drive
                                      College Station, Texas 77845 USA
                                      800-STATA-PC        http://www.stata.com
                                      979-696-4600        stata@stata.com
                                      979-696-4601 (fax)

4-user Stata network perpetual license:
       Serial number:  501606217989
         Licensed to:  Johns Hopkins
                       JHPCE and Segev Lab

Notes:
      1.  Stata is running in batch mode.
      2.  Unicode is supported; see help unicode_advice.

. do "07.merge_CKDGen.do" log NBL1_SeqId_2944_66 3 

. 
. 
. /*
> insheet using "/dcl02/leased/kidney/ARIC/static/Genetics/CKDGen/20171017_MW_e
> GFR_overall_EA_nstud42.dbgap.sig01.txt", clear delim(" ")
> 
> keep  rsid effect stderr pvalue allele1  allele2
> rename ( rsid effect stderr pvalue) ( rsid effect_eGFR stderr_eGFR pvalue_eGF
> R)
> rename (allele1  allele2) (allele1_eGFR  allele2_eGFR)
> save "/dcl02/leased/kidney/ARIC/static/Genetics/CKDGen/20171017_MW_eGFR_overa
> ll_EA_nstud42.dbgap.sig01.dta", replace
> 
> insheet using "/dcl02/leased/kidney/ARIC/static/Genetics/CKDGen/CKD_overall_E
> A_JW_20180223_nstud23.dbgap.sig01.txt", clear delim(" ")
> keep  rsid effect stderr pvalue allele1  allele2
> rename (allele1  allele2) (allele1_CKD  allele2_CKD)
> rename (rsid effect stderr pvalue) ( rsid effect_CKD stderr_CKD pvalue_CKD)
> save "/dcl02/leased/kidney/ARIC/static/Genetics/CKDGen/CKD_overall_EA_JW_2018
> 0223_nstud23.dbgap.sig01.dta", replace
> 
> 
> 
> 
> insheet using "/dcl02/leased/kidney/ARIC/static/Genetics/CKDGen/20171017_MW_e
> GFR_overall_EA_nstud42.dbgap.txt", clear delim(" ")
> 
> keep  rsid effect stderr pvalue allele1  allele2 freq1
> rename ( rsid effect stderr pvalue) ( rsid effect_eGFR stderr_eGFR pvalue_eGF
> R)
> rename (allele1  allele2) (allele1_eGFR  allele2_eGFR)
> 
> save "/dcl02/leased/kidney/ARIC/static/Genetics/CKDGen/20171017_MW_eGFR_overa
> ll_EA_nstud42.dbgap.dta", replace
> 
> insheet using "/dcl02/leased/kidney/ARIC/static/Genetics/CKDGen/CKD_overall_E
> A_JW_20180223_nstud23.dbgap.txt", clear delim(" ")
> 
> keep  rsid effect stderr pvalue allele1  allele2 freq1
> rename (allele1  allele2) (allele1_CKD  allele2_CKD)
> rename (rsid effect stderr pvalue) ( rsid effect_CKD stderr_CKD pvalue_CKD)
> 
> save "/dcl02/leased/kidney/ARIC/static/Genetics/CKDGen/CKD_overall_EA_JW_2018
> 0223_nstud23.dbgap.dta", replace
> */
. 
. 
. 
. insheet using "../results/`1'`2'_Visit`3'_W/`1'`2'_Visit`3'_hits.txt", clear
(12 vars, 0 obs)

. rename pos pos

. merge 1:1  rsid using "/dcl02/leased/kidney/ARIC/static/Genetics/CKDGen/20171
> 017_MW_eGFR_overall_EA_nstud42.dbgap.dta", nogen keep(master match)
key variable rsid is byte in master but str11 in using data
    Each key variable -- the variables on which observations are matched --
    must be of the same generic type in the master and using datasets.  Same
    generic type means both numeric or both string.
r(106);

end of do-file
r(106);
